INFO: [VRFC 10-2263] Analyzing Verilog file "C:/Users/Ali/Documents/cmpe_125_lab_7/task_1/task_1.srcs/sources_1/new/CU.v" into library xil_defaultlib
INFO: [VRFC 10-311] analyzing module CU
ERROR: [VRFC 10-1280] procedural assignment to a non-register s1 is not permitted, left-hand side should be reg/integer/time/genvar [C:/Users/Ali/Documents/cmpe_125_lab_7/task_1/task_1.srcs/sources_1/new/CU.v:80]
ERROR: [VRFC 10-1280] procedural assignment to a non-register wa is not permitted, left-hand side should be reg/integer/time/genvar [C:/Users/Ali/Documents/cmpe_125_lab_7/task_1/task_1.srcs/sources_1/new/CU.v:81]
ERROR: [VRFC 10-1280] procedural assignment to a non-register we is not permitted, left-hand side should be reg/integer/time/genvar [C:/Users/Ali/Documents/cmpe_125_lab_7/task_1/task_1.srcs/sources_1/new/CU.v:82]
ERROR: [VRFC 10-1280] procedural assignment to a non-register raa is not permitted, left-hand side should be reg/integer/time/genvar [C:/Users/Ali/Documents/cmpe_125_lab_7/task_1/task_1.srcs/sources_1/new/CU.v:83]
ERROR: [VRFC 10-1280] procedural assignment to a non-register rea is not permitted, left-hand side should be reg/integer/time/genvar [C:/Users/Ali/Documents/cmpe_125_lab_7/task_1/task_1.srcs/sources_1/new/CU.v:84]
ERROR: [VRFC 10-1280] procedural assignment to a non-register rab is not permitted, left-hand side should be reg/integer/time/genvar [C:/Users/Ali/Documents/cmpe_125_lab_7/task_1/task_1.srcs/sources_1/new/CU.v:85]
ERROR: [VRFC 10-1280] procedural assignment to a non-register reb is not permitted, left-hand side should be reg/integer/time/genvar [C:/Users/Ali/Documents/cmpe_125_lab_7/task_1/task_1.srcs/sources_1/new/CU.v:86]
ERROR: [VRFC 10-1280] procedural assignment to a non-register c is not permitted, left-hand side should be reg/integer/time/genvar [C:/Users/Ali/Documents/cmpe_125_lab_7/task_1/task_1.srcs/sources_1/new/CU.v:87]
ERROR: [VRFC 10-1280] procedural assignment to a non-register s2 is not permitted, left-hand side should be reg/integer/time/genvar [C:/Users/Ali/Documents/cmpe_125_lab_7/task_1/task_1.srcs/sources_1/new/CU.v:88]
ERROR: [VRFC 10-1280] procedural assignment to a non-register done is not permitted, left-hand side should be reg/integer/time/genvar [C:/Users/Ali/Documents/cmpe_125_lab_7/task_1/task_1.srcs/sources_1/new/CU.v:89]
ERROR: [VRFC 10-1280] procedural assignment to a non-register s1 is not permitted, left-hand side should be reg/integer/time/genvar [C:/Users/Ali/Documents/cmpe_125_lab_7/task_1/task_1.srcs/sources_1/new/CU.v:92]
ERROR: [VRFC 10-1280] procedural assignment to a non-register wa is not permitted, left-hand side should be reg/integer/time/genvar [C:/Users/Ali/Documents/cmpe_125_lab_7/task_1/task_1.srcs/sources_1/new/CU.v:93]
ERROR: [VRFC 10-1280] procedural assignment to a non-register we is not permitted, left-hand side should be reg/integer/time/genvar [C:/Users/Ali/Documents/cmpe_125_lab_7/task_1/task_1.srcs/sources_1/new/CU.v:94]
ERROR: [VRFC 10-1280] procedural assignment to a non-register raa is not permitted, left-hand side should be reg/integer/time/genvar [C:/Users/Ali/Documents/cmpe_125_lab_7/task_1/task_1.srcs/sources_1/new/CU.v:95]
ERROR: [VRFC 10-1280] procedural assignment to a non-register rea is not permitted, left-hand side should be reg/integer/time/genvar [C:/Users/Ali/Documents/cmpe_125_lab_7/task_1/task_1.srcs/sources_1/new/CU.v:96]
ERROR: [VRFC 10-1280] procedural assignment to a non-register rab is not permitted, left-hand side should be reg/integer/time/genvar [C:/Users/Ali/Documents/cmpe_125_lab_7/task_1/task_1.srcs/sources_1/new/CU.v:97]
ERROR: [VRFC 10-1280] procedural assignment to a non-register reb is not permitted, left-hand side should be reg/integer/time/genvar [C:/Users/Ali/Documents/cmpe_125_lab_7/task_1/task_1.srcs/sources_1/new/CU.v:98]
ERROR: [VRFC 10-1280] procedural assignment to a non-register c is not permitted, left-hand side should be reg/integer/time/genvar [C:/Users/Ali/Documents/cmpe_125_lab_7/task_1/task_1.srcs/sources_1/new/CU.v:99]
ERROR: [VRFC 10-1280] procedural assignment to a non-register s2 is not permitted, left-hand side should be reg/integer/time/genvar [C:/Users/Ali/Documents/cmpe_125_lab_7/task_1/task_1.srcs/sources_1/new/CU.v:100]
INFO: [#UNDEF] Sorry, too many errors..
