
*** Running vivado
    with args -log lab_7_fpga.vds -m64 -product Vivado -mode batch -messageDb vivado.pb -notrace -source lab_7_fpga.tcl


****** Vivado v2019.1.2 (64-bit)
  **** SW Build 2615518 on Fri Aug  9 15:55:25 MDT 2019
  **** IP Build 2614745 on Fri Aug  9 20:55:02 MDT 2019
    ** Copyright 1986-2019 Xilinx, Inc. All Rights Reserved.

source lab_7_fpga.tcl -notrace
Command: synth_design -top lab_7_fpga -part xc7a35tcpg236-1
Starting synth_design
Attempting to get a license for feature 'Synthesis' and/or device 'xc7a35t'
INFO: [Common 17-349] Got license for feature 'Synthesis' and/or device 'xc7a35t'
INFO: [Device 21-403] Loading part xc7a35tcpg236-1
INFO: Launching helper process for spawning children vivado processes
INFO: Helper process launched with PID 1668 
ERROR: [Synth 8-2576] procedural assignment to a non-register cs is not permitted [C:/Users/Ali/Documents/cmpe_125_lab_7/task_1/task_1.srcs/sources_1/new/CU.v:24]
ERROR: [Synth 8-2576] procedural assignment to a non-register cs is not permitted [C:/Users/Ali/Documents/cmpe_125_lab_7/task_1/task_1.srcs/sources_1/new/CU.v:72]
ERROR: [Synth 8-2576] procedural assignment to a non-register cs is not permitted [C:/Users/Ali/Documents/cmpe_125_lab_7/task_1/task_1.srcs/sources_1/new/CU.v:73]
ERROR: [Synth 8-2576] procedural assignment to a non-register s1 is not permitted [C:/Users/Ali/Documents/cmpe_125_lab_7/task_1/task_1.srcs/sources_1/new/CU.v:80]
ERROR: [Synth 8-2576] procedural assignment to a non-register wa is not permitted [C:/Users/Ali/Documents/cmpe_125_lab_7/task_1/task_1.srcs/sources_1/new/CU.v:81]
ERROR: [Synth 8-2576] procedural assignment to a non-register we is not permitted [C:/Users/Ali/Documents/cmpe_125_lab_7/task_1/task_1.srcs/sources_1/new/CU.v:82]
ERROR: [Synth 8-2576] procedural assignment to a non-register raa is not permitted [C:/Users/Ali/Documents/cmpe_125_lab_7/task_1/task_1.srcs/sources_1/new/CU.v:83]
ERROR: [Synth 8-2576] procedural assignment to a non-register rea is not permitted [C:/Users/Ali/Documents/cmpe_125_lab_7/task_1/task_1.srcs/sources_1/new/CU.v:84]
ERROR: [Synth 8-2576] procedural assignment to a non-register rab is not permitted [C:/Users/Ali/Documents/cmpe_125_lab_7/task_1/task_1.srcs/sources_1/new/CU.v:85]
ERROR: [Synth 8-2576] procedural assignment to a non-register reb is not permitted [C:/Users/Ali/Documents/cmpe_125_lab_7/task_1/task_1.srcs/sources_1/new/CU.v:86]
ERROR: [Synth 8-2576] procedural assignment to a non-register c is not permitted [C:/Users/Ali/Documents/cmpe_125_lab_7/task_1/task_1.srcs/sources_1/new/CU.v:87]
ERROR: [Synth 8-2576] procedural assignment to a non-register s2 is not permitted [C:/Users/Ali/Documents/cmpe_125_lab_7/task_1/task_1.srcs/sources_1/new/CU.v:88]
ERROR: [Synth 8-2576] procedural assignment to a non-register done is not permitted [C:/Users/Ali/Documents/cmpe_125_lab_7/task_1/task_1.srcs/sources_1/new/CU.v:89]
ERROR: [Synth 8-2576] procedural assignment to a non-register s1 is not permitted [C:/Users/Ali/Documents/cmpe_125_lab_7/task_1/task_1.srcs/sources_1/new/CU.v:92]
ERROR: [Synth 8-2576] procedural assignment to a non-register wa is not permitted [C:/Users/Ali/Documents/cmpe_125_lab_7/task_1/task_1.srcs/sources_1/new/CU.v:93]
ERROR: [Synth 8-2576] procedural assignment to a non-register we is not permitted [C:/Users/Ali/Documents/cmpe_125_lab_7/task_1/task_1.srcs/sources_1/new/CU.v:94]
ERROR: [Synth 8-2576] procedural assignment to a non-register raa is not permitted [C:/Users/Ali/Documents/cmpe_125_lab_7/task_1/task_1.srcs/sources_1/new/CU.v:95]
ERROR: [Synth 8-2576] procedural assignment to a non-register rea is not permitted [C:/Users/Ali/Documents/cmpe_125_lab_7/task_1/task_1.srcs/sources_1/new/CU.v:96]
ERROR: [Synth 8-2576] procedural assignment to a non-register rab is not permitted [C:/Users/Ali/Documents/cmpe_125_lab_7/task_1/task_1.srcs/sources_1/new/CU.v:97]
Failed to read verilog 'C:/Users/Ali/Documents/cmpe_125_lab_7/task_1/task_1.srcs/sources_1/new/CU.v'
INFO: [Common 17-83] Releasing license: Synthesis
3 Infos, 0 Warnings, 0 Critical Warnings and 20 Errors encountered.
synth_design failed
ERROR: [Common 17-69] Command failed: Synthesis failed - please see the console or run log file for details
INFO: [Common 17-206] Exiting Vivado at Mon Nov  4 15:19:44 2019...
